{
  "op_name": {
    "value_dict": {
      "LocalExchange": 0,
      "ScanFilter": 1,
      "ScanFilterProject": 2,
      "RemoteSource": 3,
      "Aggregate": 4,
      "Project": 5,
      "CrossJoin": 6,
      "InnerJoin": 7
    },
    "no_vals": 8,
    "type": "categorical"
  },
  "est_card": {
    "max": 954036.0,
    "scale": 1.0,
    "center": 0.0,
    "type": "numeric"
  },
  "act_card": {
    "max": 653228736.0,
    "scale": 107915.0,
    "center": 51.0,
    "type": "numeric"
  },
  "est_width": {
    "max": 27.004758834838867,
    "scale": 9.0,
    "center": 0.0,
    "type": "numeric"
  },
  "workers_planned": {
    "max": 0.0,
    "scale": 1.0,
    "center": 0.0,
    "type": "numeric"
  },
  "act_children_card": {
    "max": 7.756396703783596e+35,
    "scale": 1.0,
    "center": 1.0,
    "type": "numeric"
  },
  "est_children_card": {
    "max": 1.0,
    "scale": 1.0,
    "center": 1.0,
    "type": "numeric"
  },
  "depth": {
    "max": 14.0,
    "scale": 4.0,
    "center": 5.0,
    "type": "numeric"
  },
  "fragment_id": {
    "value_dict": {
      "2": 0,
      "3": 1,
      "4": 2,
      "1": 3
    },
    "no_vals": 4,
    "type": "categorical"
  },
  "fragment_type": {
    "value_dict": {
      "SINGLE": 0,
      "SOURCE": 1
    },
    "no_vals": 2,
    "type": "categorical"
  },
  "layout": {
    "value_dict": {
      "": 0,
      "max_10:bigint": 1,
      "max:double": 2,
      "sum_4:double": 3,
      "expr:double": 4,
      "sum_8:double": 5,
      "upravna_enota:bigint": 6,
      "max_2:bigint": 7,
      "povrsina:bigint": 8,
      "bigint)": 9,
      "count_4:bigint": 10,
      "min_4:bigint": 11,
      "count_11:bigint": 12,
      "id_nesreca_3:bigint": 13,
      "min_3:bigint": 14,
      "avg_3:row(double": 15,
      "id_upravna_enota:bigint": 16,
      "avg_5:row(double": 17,
      "upravna_enota_4:bigint": 18,
      "vozniski_staz_ll:double": 19,
      "max_9:double": 20,
      "sum_1:double": 21,
      "expr_0:double": 22,
      "avg_9:row(double": 23,
      "sum:double": 24,
      "st_prebivalcev:bigint": 25,
      "min:bigint": 26,
      "min_0:bigint": 27,
      "avg:double": 28,
      "x_wgs84:double": 29,
      "sum_3:double": 30,
      "stacionazna_ali_hisna_st:double": 31,
      "count_8:bigint": 32,
      "max_8:bigint": 33,
      "expr:bigint": 34,
      "strokovni_pregled:double": 35,
      "count_3:bigint": 36,
      "sum:bigint": 37,
      "sum_9:bigint": 38,
      "max:bigint": 39,
      "sum_10:double": 40,
      "id_nesreca:bigint": 41,
      "count:bigint": 42,
      "alkotest:double": 43,
      "spol:bigint": 44
    },
    "no_vals": 45,
    "type": "categorical"
  },
  "estimates": {
    "value_dict": {
      "Estimates: {rows: 64 (576B), cpu: 576, memory: 0B, network: 0B}/{rows: 64 (576B), cpu: 576, memory: 0B, network: 0B}": 0,
      "\u2502   Estimates: {rows: ? (?), cpu: ?, memory: 0B, network: 0B}": 1,
      "\u2502   Estimates: {rows: 426613 (3.66MB), cpu: 0, memory: 0B, network: 0B}": 2,
      "\u2502   Estimates: {rows: ? (?), cpu: ?, memory: 8.14MB, network: 0B}": 3,
      "Estimates: {rows: 954036 (13.25MB), cpu: 21.43M, memory: 0B, network: 0B}/{rows: 20851 (296.52kB), cpu: 21.43M, memory: 0B, network: 0B}/{rows: 20851 (296.52kB), cpu: 296.52k, memory: 0B, network: 0B}": 4,
      "Estimates: {rows: 954036 (8.19MB), cpu: 13.44M, memory: 0B, network: 0B}/{rows: 948271 (8.14MB), cpu: 13.44M, memory: 0B, network: 0B}/{rows: 948271 (8.14MB), cpu: 8.14M, memory: 0B, network: 0B}": 5,
      "\u2502     \u2502   Estimates: {rows: 458094 (10.41MB), cpu: 0, memory: 0B, network: 0B}": 6,
      "\u2502   Estimates: {rows: 10 (87B), cpu: ?, memory: ?, network: ?}": 7,
      "Estimates: {rows: 954036 (8.19MB), cpu: 13.79M, memory: 0B, network: 0B}/{rows: 948028 (8.14MB), cpu: 13.79M, memory: 0B, network: 0B}/{rows: 948028 (8.14MB), cpu: 8.14M, memory: 0B, network: 0B}": 8,
      "\u2502   Estimates: {rows: 1 (27B), cpu: ?, memory: 27B, network: 0B}": 9,
      "\u2502     \u2502   Estimates: {rows: 32 (288B), cpu: 0, memory: 0B, network: 0B}": 10,
      "\u2502   Estimates: {rows: ? (?), cpu: ?, memory: 888B, network: 0B}": 11,
      "Estimates: {rows: 508993 (8.74MB), cpu: 13.17M, memory: 0B, network: 0B}/{rows: 508969 (8.74MB), cpu: 13.17M, memory: 0B, network: 0B}/{rows: 508969 (8.74MB), cpu: 8.74M, memory: 0B, network: 0B}": 12,
      "\u2502      Estimates: {rows: 508993 (3.66MB), cpu: 10.87M, memory: 0B, network: 0B}/{rows: 229047 (1.65MB), cpu: 10.87M, memory: 0B, network: 0B}/{rows: 229047 (1.65MB), cpu: 1.65M, memory: 0B, network: 0B}": 13,
      "Estimates: {rows: 954036 (24.57MB), cpu: 56.39M, memory: 0B, network: 0B}/{rows: 484 (12.76kB), cpu: 56.39M, memory: 0B, network: 0B}/{rows: 484 (10.79kB), cpu: 10.79k, memory: 0B, network: 0B}": 14,
      "\u2502   Estimates: {rows: 948271 (8.14MB), cpu: 0, memory: 0B, network: 0B}": 15,
      "\u2502   Estimates: {rows: 1 (9B), cpu: ?, memory: 9B, network: 0B}": 16,
      "\u2502   Estimates: {rows: 49 (888B), cpu: 0, memory: 0B, network: 0B}": 17,
      "Estimates: {rows: 508993 (11.56MB), cpu: 14.41M, memory: 0B, network: 0B}/{rows: 458094 (10.41MB), cpu: 14.41M, memory: 0B, network: 0B}/{rows: 458094 (10.41MB), cpu: 10.41M, memory: 0B, network: 0B}": 18,
      "\u2502   Estimates: {rows: 1 (9B), cpu: 87, memory: 9B, network: 0B}": 19,
      "\u2502   Estimates: {rows: ? (?), cpu: ?, memory: 8.74MB, network: 0B}": 20,
      "\u2502   Estimates: {rows: ? (?), cpu: ?, memory: 3.66MB, network: 0B}": 21,
      "\u2502   Estimates: {rows: ? (0B), cpu: 0, memory: 0B, network: 0B}": 22,
      "\u2502      Estimates: {rows: 954036 (0B), cpu: 15.20M, memory: 0B, network: 0B}/{rows: 9309 (0B), cpu: 15.20M, memory: 0B, network: 0B}/{rows: 9309 (0B), cpu: 0, memory: 0B, network: 0B}": 23,
      "\u2502     \u2502   Estimates: {rows: 64 (576B), cpu: 0, memory: 0B, network: 0B}": 24,
      "\u2502     \u2502   Estimates: {rows: 9 (85B), cpu: 0, memory: 0B, network: 0B}": 25,
      "\u2502      Estimates: {rows: 954036 (15.20MB), cpu: 20.45M, memory: 0B, network: 0B}/{rows: 948271 (15.11MB), cpu: 20.45M, memory: 0B, network: 0B}/{rows: 948271 (15.11MB), cpu: 15.11M, memory: 0B, network: 0B}": 26,
      "\u2502   Estimates: {rows: 10 (87B), cpu: 0, memory: 0B, network: 0B}": 27,
      "\u2502      Estimates: {rows: 954036 (21.45MB), cpu: 27.24M, memory: 0B, network: 0B}/{rows: 954036 (21.45MB), cpu: 27.24M, memory: 0B, network: 0B}/{rows: 954036 (21.45MB), cpu: 21.45M, memory: 0B, network: 0B}": 28,
      "\u2502   Estimates: {rows: ? (?), cpu: 0, memory: 0B, network: 0B}": 29,
      "\u2502   Estimates: {rows: ? (?), cpu: ?, memory: ?, network: 0B}": 30,
      "\u2502   Estimates: {rows: 508969 (8.74MB), cpu: 0, memory: 0B, network: 0B}": 31,
      "\u2502   Estimates: {rows: ? (0B), cpu: ?, memory: 8.14MB, network: 0B}": 32,
      "Estimates: {rows: 954036 (8.19MB), cpu: 13.42M, memory: 0B, network: 0B}/{rows: 426613 (3.66MB), cpu: 13.42M, memory: 0B, network: 0B}/{rows: 426613 (3.66MB), cpu: 3.66M, memory: 0B, network: 0B}": 33,
      "\u2502   Estimates: {rows: 948028 (8.14MB), cpu: 0, memory: 0B, network: 0B}": 34,
      "\u2502   Estimates: {rows: 1 (18B), cpu: ?, memory: 18B, network: 0B}": 35
    },
    "no_vals": 36,
    "type": "categorical"
  },
  "est_rows": {
    "max": 954036.0,
    "scale": 1.0,
    "center": 0.0,
    "type": "numeric"
  },
  "est_size": {
    "max": 25763512.0,
    "scale": 27.0,
    "center": 0.0,
    "type": "numeric"
  },
  "est_cpu": {
    "max": 59129200.0,
    "scale": 1.0,
    "center": 0.0,
    "type": "numeric"
  },
  "est_memory": {
    "max": 9164554.0,
    "scale": 1.0,
    "center": 0.0,
    "type": "numeric"
  },
  "est_network": {
    "max": 0.0,
    "scale": 1.0,
    "center": 0.0,
    "type": "numeric"
  },
  "act_cpu_time": {
    "max": 3383400.0,
    "scale": 27.0,
    "center": 2.0,
    "type": "numeric"
  },
  "act_scheduled_time": {
    "max": 19380.0,
    "scale": 33.0,
    "center": 2.0,
    "type": "numeric"
  },
  "act_blocked_time": {
    "max": 160200.0,
    "scale": 319.0,
    "center": 20.0,
    "type": "numeric"
  },
  "act_output_rows": {
    "max": 653228736.0,
    "scale": 107915.0,
    "center": 51.0,
    "type": "numeric"
  },
  "act_output_size": {
    "max": 828343552.0,
    "scale": 971225.5,
    "center": 28.0,
    "type": "numeric"
  },
  "act_time": {
    "max": 3383400.0,
    "scale": 27.0,
    "center": 2.0,
    "type": "numeric"
  },
  "filter_condition": {
    "value_dict": {
      "(starost_d IN (varchar 'A', varchar 'B', varchar 'C', varchar 'D', varchar 'E', varchar 'F', varchar 'G', varchar 'I', varchar 'N'))": 0,
      "((klas_nesreca <> varchar 'B') AND (upravna_enota_4 = bigint '5550'))": 1,
      "((id_upravna_enota <> bigint '5570') AND $not($like(ime_upravna_enota, LikePattern '[%o%b%]')))": 2,
      "((id_upravna_enota = bigint '5550') AND (povrsina <> bigint '343'))": 3,
      "(varnostni_pas_ali_celada IN (varchar '*', varchar '0', varchar '0.0', varchar '1', varchar '1.0', varchar '2.0', varchar 'D', varchar 'N'))": 4,
      "((id_upravna_enota >= bigint '5507') AND (st_prebivalcev <= bigint '57597') AND $like(ime_upravna_enota, LikePattern '[%Bis%trica%]') AND $like(ime_upravna_enota, LikePattern '[%o%b%]'))": 5,
      "((poskodba <> varchar 'L') AND (upravna_enota <> bigint '5570'))": 6,
      "(povrsina BETWEEN bigint '257' AND bigint '396')": 7,
      "(starost BETWEEN double '36.03164730826665' AND double '38.19841751032863')": 8,
      "((alkotest_d IN (varchar 'A', varchar 'D', varchar 'E', varchar 'F', varchar 'G', varchar 'H')) AND (drzavljanstvo <= bigint '5') AND (id_nesreca >= bigint '398951') AND (vozniski_staz_mm <= double '1.757663968823688'))": 9,
      "$like(stanje_vozisce, LikePattern '[%P%N%]')": 10,
      "(ime_upravna_enota = varchar 'Slovenske Konjice')": 11,
      "$not($like(ime_upravna_enota, LikePattern '[%Ljubljana%]'))": 12,
      "((upravna_enota = bigint '5550') AND (vozniski_staz_ll <= double '1.2807738771904675'))": 13,
      "(varnostni_pas_ali_celada IN (varchar '0', varchar '0.0', varchar '1', varchar '1.0', varchar '2', varchar '2.0', varchar 'D'))": 14,
      "(vrsta_udelezenca IN (varchar 'KO', varchar 'MK', varchar 'OS', varchar 'TV'))": 15,
      "$not((oznaka_odsek_ali_ulica IS NULL))": 16,
      "((ime_upravna_enota = varchar 'Ru\ufffd\ufffde') OR (id_upravna_enota BETWEEN bigint '5502' AND bigint '5555'))": 17
    },
    "no_vals": 18,
    "type": "categorical"
  },
  "column": {
    "value_dict": {
      "0": 0,
      "1": 1,
      "2": 2,
      "3": 3,
      "vozniski_staz_mm": 4,
      "37": 5,
      "6": 6,
      "9": 7,
      "10": 8,
      "11": 9,
      "12": 10,
      "17": 11,
      "19": 12,
      "21": 13,
      "22": 14,
      "23": 15,
      "vozniski_staz_ll": 16
    },
    "no_vals": 17,
    "type": "categorical",
    "max": 16
  },
  "operator": {
    "value_dict": {
      "LIKE": 0,
      "<=": 1,
      "AND": 2,
      "BETWEEN": 3,
      ">=": 4,
      "!=": 5,
      "IN": 6,
      "OR": 7,
      "=": 8
    },
    "no_vals": 9,
    "type": "categorical"
  },
  "literal": {
    "value_dict": {
      "": 0,
      "B": 1,
      "KO": 2,
      "bigint '5570'": 3,
      "TV": 4,
      "C": 5,
      "0.0": 6,
      "*": 7,
      "%Bis%trica%": 8,
      "0": 9,
      "%o%b%": 10,
      "%Ljubljana%": 11,
      "F": 12,
      "bigint '57597'": 13,
      "%P%N%": 14,
      "varchar 'B'": 15,
      "D": 16,
      "N": 17,
      "bigint '398951'": 18,
      "double '36.03164730826665' AND double '38.19841751032863'": 19,
      "varchar 'Slovenske Konjice'": 20,
      "E": 21,
      "OS": 22,
      "bigint '257' AND bigint '396'": 23,
      "A": 24,
      "2": 25,
      "G": 26,
      "H": 27,
      "varchar 'Ru\ufffd\ufffde'": 28,
      "I": 29,
      "bigint '5502' AND bigint '5555'": 30,
      "MK": 31,
      "2.0": 32,
      "$like                    ": 33,
      "1": 34,
      "double '1.2807738771904675'": 35,
      " AND $not                    ": 36,
      "varchar 'L'": 37,
      "bigint '5507'": 38,
      "double '1.757663968823688'": 39,
      "bigint '343'": 40,
      " AND  AND $like AND $like                    ": 41,
      "1.0": 42,
      "bigint '5'": 43,
      "bigint '5550'": 44
    },
    "no_vals": 45,
    "type": "categorical"
  },
  "literal_feature": {
    "max": 1.0,
    "scale": 1.0,
    "center": 0.0,
    "type": "numeric"
  },
  "act_input_rows": {
    "max": 954036.0,
    "scale": 953972.0,
    "center": 508993.0,
    "type": "numeric"
  },
  "act_input_size": {
    "max": 32956744.0,
    "scale": 13351326.859985352,
    "center": 11198792.0,
    "type": "numeric"
  },
  "reltuples": {
    "max": 954036.0,
    "scale": 1.0,
    "center": 954036.0,
    "type": "numeric"
  },
  "relpages": {
    "max": 0.0,
    "scale": 1.0,
    "center": 0.0,
    "type": "numeric"
  },
  "sample_vec": {
    "max": 0.0,
    "scale": 1.0,
    "center": 0.0,
    "type": "numeric"
  },
  "tablename": {
    "value_dict": {
      "iceberg:accidents.oseba$data@533010926995144498,": 0,
      "iceberg:accidents.nesreca$data@4293306324159404154,": 1,
      "iceberg:accidents.upravna_enota$data@2733257583717564886,": 2
    },
    "no_vals": 3,
    "type": "categorical"
  },
  "criteria": {
    "value_dict": {
      "(id_upravna_enota = upravna_enota_4)": 0,
      "(id_upravna_enota = upravna_enota)": 1,
      "(upravna_enota = upravna_enota_4)": 2,
      "(upravna_enota = id_upravna_enota)": 3
    },
    "no_vals": 4,
    "type": "categorical"
  },
  "dynamic_filters": {
    "value_dict": {
      "upravna_enota = #df_625": 0,
      "id_upravna_enota = #df_852": 1,
      "id_upravna_enota = #df_592": 2,
      "upravna_enota = #df_624": 3,
      "upravna_enota = #df_877": 4,
      "id_upravna_enota = #df_770": 5,
      "id_upravna_enota = #df_772": 6
    },
    "no_vals": 7,
    "type": "categorical"
  },
  "join_conds": {
    "value_dict": {
      "upravna_enota = upravna_enota_4": 0,
      "id_upravna_enota = upravna_enota_4": 1,
      "id_upravna_enota = upravna_enota": 2,
      "upravna_enota = id_upravna_enota": 3
    },
    "no_vals": 4,
    "type": "categorical"
  },
  "columns": {
    "value_dict": {
      "0": 0,
      "1": 1,
      "2": 2,
      "3": 3,
      "vozniski_staz_mm": 4,
      "37": 5,
      "6": 6,
      "9": 7,
      "10": 8,
      "11": 9,
      "12": 10,
      "17": 11,
      "19": 12,
      "21": 13,
      "22": 14,
      "23": 15,
      "vozniski_staz_ll": 16
    },
    "no_vals": 17,
    "type": "categorical",
    "max": 16
  },
  "table": {
    "max": 2
  }
}