{"op_name": {"value_dict": {"ScanFilterProject": 0, "Project": 1, "CrossJoin": 2, "LocalExchange": 3, "Aggregate": 4, "InnerJoin": 5, "ScanFilter": 6, "RemoteSource": 7}, "no_vals": 8, "type": "categorical"}, "est_card": {"max": 954036.0, "scale": 1.0, "center": 0.0, "type": "numeric"}, "act_card": {"max": 653228736.0, "scale": 107915.0, "center": 51.0, "type": "numeric"}, "est_width": {"max": 27.004758834838867, "scale": 9.0, "center": 0.0, "type": "numeric"}, "workers_planned": {"max": 0.0, "scale": 1.0, "center": 0.0, "type": "numeric"}, "act_children_card": {"max": 7.756396703783596e+35, "scale": 1.0, "center": 1.0, "type": "numeric"}, "est_children_card": {"max": 1.0, "scale": 1.0, "center": 1.0, "type": "numeric"}, "depth": {"max": 14.0, "scale": 4.0, "center": 5.0, "type": "numeric"}, "fragment_id": {"value_dict": {"2": 0, "4": 1, "3": 2, "1": 3}, "no_vals": 4, "type": "categorical"}, "fragment_type": {"value_dict": {"SOURCE": 0, "SINGLE": 1}, "no_vals": 2, "type": "categorical"}, "layout": {"value_dict": {"sum_8:double": 0, "": 1, "expr:bigint": 2, "povrsina:bigint": 3, "stacionazna_ali_hisna_st:double": 4, "x_wgs84:double": 5, "expr:double": 6, "count_11:bigint": 7, "max_10:bigint": 8, "upravna_enota:bigint": 9, "avg_9:row(double": 10, "sum_1:double": 11, "spol:bigint": 12, "sum_3:double": 13, "id_nesreca:bigint": 14, "count_8:bigint": 15, "min_0:bigint": 16, "strokovni_pregled:double": 17, "min_3:bigint": 18, "id_nesreca_3:bigint": 19, "vozniski_staz_ll:double": 20, "avg:double": 21, "alkotest:double": 22, "avg_3:row(double": 23, "expr_0:double": 24, "sum_10:double": 25, "bigint)": 26, "st_prebivalcev:bigint": 27, "upravna_enota_4:bigint": 28, "sum:bigint": 29, "max_8:bigint": 30, "sum_9:bigint": 31, "count_3:bigint": 32, "count:bigint": 33, "sum_4:double": 34, "count_4:bigint": 35, "id_upravna_enota:bigint": 36, "avg_5:row(double": 37, "min:bigint": 38, "sum:double": 39, "max_9:double": 40, "min_4:bigint": 41, "max:bigint": 42, "max:double": 43, "max_2:bigint": 44}, "no_vals": 45, "type": "categorical"}, "estimates": {"value_dict": {"\u2502     \u2502   Estimates: {rows: 458094 (10.41MB), cpu: 0, memory: 0B, network: 0B}": 0, "\u2502   Estimates: {rows: 10 (87B), cpu: 0, memory: 0B, network: 0B}": 1, "\u2502   Estimates: {rows: 1 (9B), cpu: ?, memory: 9B, network: 0B}": 2, "\u2502   Estimates: {rows: 508969 (8.74MB), cpu: 0, memory: 0B, network: 0B}": 3, "\u2502   Estimates: {rows: 1 (18B), cpu: ?, memory: 18B, network: 0B}": 4, "\u2502   Estimates: {rows: ? (?), cpu: ?, memory: 0B, network: 0B}": 5, "Estimates: {rows: 64 (576B), cpu: 576, memory: 0B, network: 0B}/{rows: 64 (576B), cpu: 576, memory: 0B, network: 0B}": 6, "Estimates: {rows: 954036 (8.19MB), cpu: 13.44M, memory: 0B, network: 0B}/{rows: 948271 (8.14MB), cpu: 13.44M, memory: 0B, network: 0B}/{rows: 948271 (8.14MB), cpu: 8.14M, memory: 0B, network: 0B}": 7, "\u2502   Estimates: {rows: 1 (9B), cpu: 87, memory: 9B, network: 0B}": 8, "\u2502   Estimates: {rows: 1 (27B), cpu: ?, memory: 27B, network: 0B}": 9, "\u2502     \u2502   Estimates: {rows: 64 (576B), cpu: 0, memory: 0B, network: 0B}": 10, "\u2502   Estimates: {rows: ? (0B), cpu: 0, memory: 0B, network: 0B}": 11, "\u2502   Estimates: {rows: ? (?), cpu: 0, memory: 0B, network: 0B}": 12, "\u2502   Estimates: {rows: ? (?), cpu: ?, memory: 3.66MB, network: 0B}": 13, "\u2502   Estimates: {rows: 49 (888B), cpu: 0, memory: 0B, network: 0B}": 14, "\u2502   Estimates: {rows: ? (?), cpu: ?, memory: ?, network: 0B}": 15, "\u2502      Estimates: {rows: 954036 (21.45MB), cpu: 27.24M, memory: 0B, network: 0B}/{rows: 954036 (21.45MB), cpu: 27.24M, memory: 0B, network: 0B}/{rows: 954036 (21.45MB), cpu: 21.45M, memory: 0B, network: 0B}": 16, "\u2502   Estimates: {rows: 10 (87B), cpu: ?, memory: ?, network: ?}": 17, "\u2502   Estimates: {rows: 948271 (8.14MB), cpu: 0, memory: 0B, network: 0B}": 18, "\u2502     \u2502   Estimates: {rows: 32 (288B), cpu: 0, memory: 0B, network: 0B}": 19, "\u2502   Estimates: {rows: 426613 (3.66MB), cpu: 0, memory: 0B, network: 0B}": 20, "Estimates: {rows: 954036 (24.57MB), cpu: 56.39M, memory: 0B, network: 0B}/{rows: 484 (12.76kB), cpu: 56.39M, memory: 0B, network: 0B}/{rows: 484 (10.79kB), cpu: 10.79k, memory: 0B, network: 0B}": 21, "\u2502   Estimates: {rows: 948028 (8.14MB), cpu: 0, memory: 0B, network: 0B}": 22, "\u2502   Estimates: {rows: ? (0B), cpu: ?, memory: 8.14MB, network: 0B}": 23, "\u2502      Estimates: {rows: 954036 (0B), cpu: 15.20M, memory: 0B, network: 0B}/{rows: 9309 (0B), cpu: 15.20M, memory: 0B, network: 0B}/{rows: 9309 (0B), cpu: 0, memory: 0B, network: 0B}": 24, "\u2502   Estimates: {rows: ? (?), cpu: ?, memory: 8.74MB, network: 0B}": 25, "\u2502      Estimates: {rows: 954036 (15.20MB), cpu: 20.45M, memory: 0B, network: 0B}/{rows: 948271 (15.11MB), cpu: 20.45M, memory: 0B, network: 0B}/{rows: 948271 (15.11MB), cpu: 15.11M, memory: 0B, network: 0B}": 26, "\u2502     \u2502   Estimates: {rows: 9 (85B), cpu: 0, memory: 0B, network: 0B}": 27, "Estimates: {rows: 508993 (8.74MB), cpu: 13.17M, memory: 0B, network: 0B}/{rows: 508969 (8.74MB), cpu: 13.17M, memory: 0B, network: 0B}/{rows: 508969 (8.74MB), cpu: 8.74M, memory: 0B, network: 0B}": 28, "\u2502   Estimates: {rows: ? (?), cpu: ?, memory: 888B, network: 0B}": 29, "Estimates: {rows: 954036 (8.19MB), cpu: 13.79M, memory: 0B, network: 0B}/{rows: 948028 (8.14MB), cpu: 13.79M, memory: 0B, network: 0B}/{rows: 948028 (8.14MB), cpu: 8.14M, memory: 0B, network: 0B}": 30, "Estimates: {rows: 954036 (13.25MB), cpu: 21.43M, memory: 0B, network: 0B}/{rows: 20851 (296.52kB), cpu: 21.43M, memory: 0B, network: 0B}/{rows: 20851 (296.52kB), cpu: 296.52k, memory: 0B, network: 0B}": 31, "\u2502   Estimates: {rows: ? (?), cpu: ?, memory: 8.14MB, network: 0B}": 32, "\u2502      Estimates: {rows: 508993 (3.66MB), cpu: 10.87M, memory: 0B, network: 0B}/{rows: 229047 (1.65MB), cpu: 10.87M, memory: 0B, network: 0B}/{rows: 229047 (1.65MB), cpu: 1.65M, memory: 0B, network: 0B}": 33, "Estimates: {rows: 508993 (11.56MB), cpu: 14.41M, memory: 0B, network: 0B}/{rows: 458094 (10.41MB), cpu: 14.41M, memory: 0B, network: 0B}/{rows: 458094 (10.41MB), cpu: 10.41M, memory: 0B, network: 0B}": 34, "Estimates: {rows: 954036 (8.19MB), cpu: 13.42M, memory: 0B, network: 0B}/{rows: 426613 (3.66MB), cpu: 13.42M, memory: 0B, network: 0B}/{rows: 426613 (3.66MB), cpu: 3.66M, memory: 0B, network: 0B}": 35}, "no_vals": 36, "type": "categorical"}, "est_rows": {"max": 954036.0, "scale": 1.0, "center": 0.0, "type": "numeric"}, "est_size": {"max": 25763512.0, "scale": 27.0, "center": 0.0, "type": "numeric"}, "est_cpu": {"max": 59129200.0, "scale": 1.0, "center": 0.0, "type": "numeric"}, "est_memory": {"max": 9164554.0, "scale": 1.0, "center": 0.0, "type": "numeric"}, "est_network": {"max": 0.0, "scale": 1.0, "center": 0.0, "type": "numeric"}, "act_cpu_time": {"max": 3383400.0, "scale": 27.0, "center": 2.0, "type": "numeric"}, "act_scheduled_time": {"max": 19380.0, "scale": 33.0, "center": 2.0, "type": "numeric"}, "act_blocked_time": {"max": 160200.0, "scale": 319.0, "center": 20.0, "type": "numeric"}, "act_output_rows": {"max": 653228736.0, "scale": 107915.0, "center": 51.0, "type": "numeric"}, "act_output_size": {"max": 828343552.0, "scale": 971225.5, "center": 28.0, "type": "numeric"}, "act_time": {"max": 3383400.0, "scale": 27.0, "center": 2.0, "type": "numeric"}, "filter_condition": {"value_dict": {"((klas_nesreca <> varchar 'B') AND (upravna_enota_4 = bigint '5550'))": 0, "((alkotest_d IN (varchar 'A', varchar 'D', varchar 'E', varchar 'F', varchar 'G', varchar 'H')) AND (drzavljanstvo <= bigint '5') AND (id_nesreca >= bigint '398951') AND (vozniski_staz_mm <= double '1.757663968823688'))": 1, "(varnostni_pas_ali_celada IN (varchar '*', varchar '0', varchar '0.0', varchar '1', varchar '1.0', varchar '2.0', varchar 'D', varchar 'N'))": 2, "((id_upravna_enota <> bigint '5570') AND $not($like(ime_upravna_enota, LikePattern '[%o%b%]')))": 3, "(ime_upravna_enota = varchar 'Slovenske Konjice')": 4, "(vrsta_udelezenca IN (varchar 'KO', varchar 'MK', varchar 'OS', varchar 'TV'))": 5, "(starost_d IN (varchar 'A', varchar 'B', varchar 'C', varchar 'D', varchar 'E', varchar 'F', varchar 'G', varchar 'I', varchar 'N'))": 6, "(varnostni_pas_ali_celada IN (varchar '0', varchar '0.0', varchar '1', varchar '1.0', varchar '2', varchar '2.0', varchar 'D'))": 7, "(povrsina BETWEEN bigint '257' AND bigint '396')": 8, "(starost BETWEEN double '36.03164730826665' AND double '38.19841751032863')": 9, "$not((oznaka_odsek_ali_ulica IS NULL))": 10, "((upravna_enota = bigint '5550') AND (vozniski_staz_ll <= double '1.2807738771904675'))": 11, "((id_upravna_enota >= bigint '5507') AND (st_prebivalcev <= bigint '57597') AND $like(ime_upravna_enota, LikePattern '[%Bis%trica%]') AND $like(ime_upravna_enota, LikePattern '[%o%b%]'))": 12, "$not($like(ime_upravna_enota, LikePattern '[%Ljubljana%]'))": 13, "((ime_upravna_enota = varchar 'Ru\ufffd\ufffde') OR (id_upravna_enota BETWEEN bigint '5502' AND bigint '5555'))": 14, "((id_upravna_enota = bigint '5550') AND (povrsina <> bigint '343'))": 15, "((poskodba <> varchar 'L') AND (upravna_enota <> bigint '5570'))": 16, "$like(stanje_vozisce, LikePattern '[%P%N%]')": 17}, "no_vals": 18, "type": "categorical"}, "column": {"value_dict": {"vozniski_staz_mm": 0, "poskodba": 1, "vozniski_staz_ll": 2, "klas_nesreca": 3, "starost_d": 4, "upravna_enota_4": 5, "stanje_vozisce": 6, "starost": 7, "vrsta_udelezenca": 8, "id_nesreca": 9, "ime_upravna_enota": 10, "alkotest_d": 11, "varnostni_pas_ali_celada": 12, "povrsina": 13, "drzavljanstvo": 14, "st_prebivalcev": 15, "upravna_enota": 16, "id_upravna_enota": 17}, "no_vals": 18, "type": "categorical"}, "operator": {"value_dict": {"OR": 0, "!=": 1, ">=": 2, "BETWEEN": 3, "IN": 4, "LIKE": 5, "<=": 6, "=": 7, "AND": 8}, "no_vals": 9, "type": "categorical"}, "literal": {"value_dict": {"": 0, "2": 1, "0": 2, "1.0": 3, "G": 4, "E": 5, "C": 6, "%P%N%": 7, " AND $not                    ": 8, "bigint '343'": 9, "OS": 10, "bigint '5'": 11, "%Bis%trica%": 12, "A": 13, "KO": 14, "varchar 'B'": 15, "D": 16, "bigint '5550'": 17, "varchar 'L'": 18, "I": 19, "bigint '5507'": 20, "bigint '398951'": 21, "bigint '57597'": 22, "varchar 'Slovenske Konjice'": 23, "%Ljubljana%": 24, "varchar 'Ru\ufffd\ufffde'": 25, "double '1.2807738771904675'": 26, "2.0": 27, "*": 28, "1": 29, "double '36.03164730826665' AND double '38.19841751032863'": 30, "H": 31, "N": 32, "bigint '257' AND bigint '396'": 33, "0.0": 34, "TV": 35, "$like                    ": 36, "F": 37, "bigint '5502' AND bigint '5555'": 38, "B": 39, "MK": 40, "bigint '5570'": 41, "double '1.757663968823688'": 42, " AND  AND $like AND $like                    ": 43, "%o%b%": 44}, "no_vals": 45, "type": "categorical"}, "literal_feature": {"max": 1.0, "scale": 1.0, "center": 0.0, "type": "numeric"}, "act_input_rows": {"max": 954036.0, "scale": 953972.0, "center": 508993.0, "type": "numeric"}, "act_input_size": {"max": 32956744.0, "scale": 13351326.859985352, "center": 11198792.0, "type": "numeric"}, "reltuples": {"max": 954036.0, "scale": 333782.25, "center": 954036.0, "type": "numeric"}, "relpages": {"max": 11645.0, "scale": 1.0, "center": 0.0, "type": "numeric"}, "sample_vec": {"max": 0.0, "scale": 1.0, "center": 0.0, "type": "numeric"}, "tablename": {"value_dict": {"iceberg:accidents.nesreca$data@4293306324159404154,": 0, "nesreca": 1, "oseba": 2, "iceberg:accidents.oseba$data@533010926995144498,": 3, "upravna_enota": 4, "iceberg:accidents.upravna_enota$data@2733257583717564886,": 5}, "no_vals": 6, "type": "categorical"}, "plan_runtime": {"max": 20220.0, "scale": 330.7474899291992, "center": 420.9750061035156, "type": "numeric"}, "database_id": {"max": 0.0, "scale": 1.0, "center": 0.0, "type": "numeric"}, "criteria": {"value_dict": {"(id_upravna_enota = upravna_enota)": 0, "(upravna_enota = id_upravna_enota)": 1, "(id_upravna_enota = upravna_enota_4)": 2, "(upravna_enota = upravna_enota_4)": 3}, "no_vals": 4, "type": "categorical"}, "dynamic_filters": {"value_dict": {"id_upravna_enota = #df_770": 0, "upravna_enota = #df_624": 1, "id_upravna_enota = #df_852": 2, "id_upravna_enota = #df_772": 3, "id_upravna_enota = #df_592": 4, "upravna_enota = #df_625": 5, "upravna_enota = #df_877": 6}, "no_vals": 7, "type": "categorical"}, "relname": {"value_dict": {"nesreca": 0, "upravna_enota": 1, "oseba": 2}, "no_vals": 3, "type": "categorical"}, "attname": {"value_dict": {"stanje_povrsina_vozisce": 0, "poskodba": 1, "oznaka_odsek_ali_ulica": 2, "starost_d": 3, "alkotest_d": 4, "varnostni_pas_ali_celada": 5, "povrsina": 6, "alkotest": 7, "st_prebivalcev": 8, "upravna_enota": 9, "klas_nesreca": 10, "cas_nesreca": 11, "stacionazna_ali_hisna_st": 12, "povzrocitelj_ali_udelezenec": 13, "y_wgs84": 14, "vozniski_staz_mm": 15, "tip_nesreca": 16, "stanje_promet": 17, "x_wgs84": 18, "vozniski_staz_ll": 19, "kategorija_cesta": 20, "naselje_ali_izven": 21, "oznaka_cesta_ali_naselje": 22, "stanje_vozisce": 23, "tekst_cesta_ali_naselje": 24, "strokovni_pregled_d": 25, "vreme_nesreca": 26, "tekst_odsek_ali_ulica": 27, "y": 28, "starost": 29, "opis_prizorisce": 30, "vrsta_udelezenca": 31, "ime_upravna_enota": 32, "spol": 33, "x": 34, "vozniski_staz_d": 35, "strokovni_pregled": 36, "drzavljanstvo": 37, "vzrok_nesreca": 38}, "no_vals": 39, "type": "categorical"}, "attnum": {"max": 39.0, "scale": 19.5, "center": 19.5, "type": "numeric"}, "null_frac": {"max": 0.42973220348358154, "scale": 0.0062974561005830765, "center": 0.0, "type": "numeric"}, "avg_width": {"max": 35.0, "scale": 1.0, "center": 0.0, "type": "numeric"}, "n_distinct": {"max": -1.0, "scale": 1.0, "center": -1.0, "type": "numeric"}, "correlation": {"max": 0.0, "scale": 1.0, "center": 0.0, "type": "numeric"}, "database_type": {"value_dict": {"trino": 0}, "no_vals": 1, "type": "categorical"}}